FibreField LLM/android/app/build/intermediates/manifest_merge_blame_file/debug/processDebugMainManifest/manifest-merger-blame-debug-report.txt
1<?xml version="1.0" encoding="utf-8"?>
2<!-- 🟢 WORKING: Android manifest with all required permissions and configurations -->
3<manifest xmlns:android="http://schemas.android.com/apk/res/android"
4    package="com.fibreflow.technician.debug"
5    android:versionCode="1"
6    android:versionName="1.0.0" >
7
8    <uses-sdk
9        android:minSdkVersion="24"
10        android:targetSdkVersion="34" />
11
12    <!-- 🔐 REQUIRED PERMISSIONS FOR FIBREFIELD TECHNICIAN APP -->
13
14
15    <!-- Camera permissions for photo capture -->
16    <uses-permission android:name="android.permission.CAMERA" />
16-->src\main\AndroidManifest.xml:8:5-65
16-->src\main\AndroidManifest.xml:8:22-62
17
18    <uses-feature
18-->src\main\AndroidManifest.xml:9:5-11:35
19        android:name="android.hardware.camera"
19-->src\main\AndroidManifest.xml:10:9-47
20        android:required="true" />
20-->src\main\AndroidManifest.xml:11:9-32
21    <uses-feature
21-->src\main\AndroidManifest.xml:12:5-14:36
22        android:name="android.hardware.camera.autofocus"
22-->src\main\AndroidManifest.xml:13:9-57
23        android:required="false" />
23-->src\main\AndroidManifest.xml:14:9-33
24    <uses-feature
24-->src\main\AndroidManifest.xml:15:5-17:36
25        android:name="android.hardware.camera.flash"
25-->src\main\AndroidManifest.xml:16:9-53
26        android:required="false" />
26-->src\main\AndroidManifest.xml:17:9-33
27
28    <!-- Location permissions for drop validation -->
29    <uses-permission android:name="android.permission.ACCESS_FINE_LOCATION" />
29-->src\main\AndroidManifest.xml:20:5-79
29-->src\main\AndroidManifest.xml:20:22-76
30    <uses-permission android:name="android.permission.ACCESS_COARSE_LOCATION" />
30-->src\main\AndroidManifest.xml:21:5-81
30-->src\main\AndroidManifest.xml:21:22-78
31    <uses-permission android:name="android.permission.ACCESS_BACKGROUND_LOCATION" />
31-->src\main\AndroidManifest.xml:22:5-85
31-->src\main\AndroidManifest.xml:22:22-82
32
33    <!-- Storage permissions for photo management -->
34    <uses-permission
34-->src\main\AndroidManifest.xml:25:5-26:38
35        android:name="android.permission.READ_EXTERNAL_STORAGE"
35-->src\main\AndroidManifest.xml:25:22-77
36        android:maxSdkVersion="32" />
36-->src\main\AndroidManifest.xml:26:9-35
37    <uses-permission
37-->src\main\AndroidManifest.xml:27:5-29:40
38        android:name="android.permission.WRITE_EXTERNAL_STORAGE"
38-->src\main\AndroidManifest.xml:27:22-78
39        android:maxSdkVersion="29" />
39-->src\main\AndroidManifest.xml:28:9-35
40
41    <!-- Android 13+ photo permissions -->
42    <uses-permission android:name="android.permission.READ_MEDIA_IMAGES" />
42-->src\main\AndroidManifest.xml:32:5-76
42-->src\main\AndroidManifest.xml:32:22-73
43    <uses-permission android:name="android.permission.READ_MEDIA_VIDEO" />
43-->src\main\AndroidManifest.xml:33:5-75
43-->src\main\AndroidManifest.xml:33:22-72
44
45    <!-- Network permissions for API communication -->
46    <uses-permission android:name="android.permission.INTERNET" />
46-->src\main\AndroidManifest.xml:36:5-67
46-->src\main\AndroidManifest.xml:36:22-64
47    <uses-permission android:name="android.permission.ACCESS_NETWORK_STATE" />
47-->src\main\AndroidManifest.xml:37:5-79
47-->src\main\AndroidManifest.xml:37:22-76
48    <uses-permission android:name="android.permission.ACCESS_WIFI_STATE" />
48-->src\main\AndroidManifest.xml:38:5-76
48-->src\main\AndroidManifest.xml:38:22-73
49    <uses-permission android:name="android.permission.CHANGE_WIFI_STATE" />
49-->src\main\AndroidManifest.xml:39:5-76
49-->src\main\AndroidManifest.xml:39:22-73
50
51    <!-- Device info permissions for security -->
52    <uses-permission android:name="android.permission.READ_PHONE_STATE" />
52-->src\main\AndroidManifest.xml:42:5-75
52-->src\main\AndroidManifest.xml:42:22-72
53
54    <!-- Notification permissions (Android 13+) -->
55    <uses-permission android:name="android.permission.POST_NOTIFICATIONS" />
55-->src\main\AndroidManifest.xml:45:5-77
55-->src\main\AndroidManifest.xml:45:22-74
56
57    <!-- Biometric authentication -->
58    <uses-permission android:name="android.permission.USE_BIOMETRIC" />
58-->src\main\AndroidManifest.xml:48:5-72
58-->src\main\AndroidManifest.xml:48:22-69
59    <uses-permission android:name="android.permission.USE_FINGERPRINT" />
59-->src\main\AndroidManifest.xml:49:5-74
59-->src\main\AndroidManifest.xml:49:22-71
60
61    <!-- Wake lock for background processing -->
62    <uses-permission android:name="android.permission.WAKE_LOCK" />
62-->src\main\AndroidManifest.xml:52:5-68
62-->src\main\AndroidManifest.xml:52:22-65
63
64    <!-- Foreground service for location tracking -->
65    <uses-permission android:name="android.permission.FOREGROUND_SERVICE" />
65-->src\main\AndroidManifest.xml:55:5-77
65-->src\main\AndroidManifest.xml:55:22-74
66    <uses-permission android:name="android.permission.FOREGROUND_SERVICE_LOCATION" />
66-->src\main\AndroidManifest.xml:56:5-86
66-->src\main\AndroidManifest.xml:56:22-83
67
68    <!-- Vibration for feedback -->
69    <uses-permission android:name="android.permission.VIBRATE" />
69-->src\main\AndroidManifest.xml:59:5-66
69-->src\main\AndroidManifest.xml:59:22-63
70
71    <!-- 🏗️ HARDWARE REQUIREMENTS -->
72    <uses-feature
72-->src\main\AndroidManifest.xml:62:5-64:35
73        android:name="android.hardware.location.gps"
73-->src\main\AndroidManifest.xml:63:9-53
74        android:required="true" />
74-->src\main\AndroidManifest.xml:64:9-32
75    <uses-feature
75-->src\main\AndroidManifest.xml:65:5-67:35
76        android:name="android.hardware.wifi"
76-->src\main\AndroidManifest.xml:66:9-45
77        android:required="true" />
77-->src\main\AndroidManifest.xml:67:9-32
78    <uses-feature
78-->src\main\AndroidManifest.xml:68:5-70:35
79        android:name="android.hardware.touchscreen"
79-->src\main\AndroidManifest.xml:69:9-52
80        android:required="true" />
80-->src\main\AndroidManifest.xml:70:9-32
81    <uses-feature
81-->src\main\AndroidManifest.xml:71:5-73:36
82        android:name="android.hardware.telephony"
82-->src\main\AndroidManifest.xml:72:9-50
83        android:required="false" />
83-->src\main\AndroidManifest.xml:73:9-33
84
85    <!-- 📊 PERFORMANCE OPTIMIZATIONS -->
86    <uses-permission android:name="android.permission.REQUEST_IGNORE_BATTERY_OPTIMIZATIONS" />
86-->src\main\AndroidManifest.xml:245:5-95
86-->src\main\AndroidManifest.xml:245:22-92
87
88    <!-- Prevent app from being killed by system -->
89    <uses-permission android:name="android.permission.REQUEST_IGNORE_BATTERY_OPTIMIZATIONS" />
89-->src\main\AndroidManifest.xml:245:5-95
89-->src\main\AndroidManifest.xml:245:22-92
90
91    <uses-feature
91-->[com.google.android.gms:play-services-maps:18.2.0] AndroidManifest.xml:26:5-28:35
92        android:glEsVersion="0x00020000"
92-->[com.google.android.gms:play-services-maps:18.2.0] AndroidManifest.xml:27:9-41
93        android:required="true" />
93-->[com.google.android.gms:play-services-maps:18.2.0] AndroidManifest.xml:28:9-32
94
95    <queries>
95-->[com.google.android.gms:play-services-maps:18.2.0] AndroidManifest.xml:30:5-34:15
96
97        <!-- Needs to be explicitly declared on Android R+ -->
98        <package android:name="com.google.android.apps.maps" />
98-->[com.google.android.gms:play-services-maps:18.2.0] AndroidManifest.xml:33:9-64
98-->[com.google.android.gms:play-services-maps:18.2.0] AndroidManifest.xml:33:18-61
99    </queries>
100
101    <uses-permission android:name="android.permission.RECEIVE_BOOT_COMPLETED" />
101-->[androidx.work:work-runtime:2.9.0] AndroidManifest.xml:25:5-81
101-->[androidx.work:work-runtime:2.9.0] AndroidManifest.xml:25:22-78
102
103    <permission
103-->[androidx.core:core:1.12.0] AndroidManifest.xml:22:5-24:47
104        android:name="com.fibreflow.technician.debug.DYNAMIC_RECEIVER_NOT_EXPORTED_PERMISSION"
104-->[androidx.core:core:1.12.0] AndroidManifest.xml:23:9-81
105        android:protectionLevel="signature" />
105-->[androidx.core:core:1.12.0] AndroidManifest.xml:24:9-44
106
107    <uses-permission android:name="com.fibreflow.technician.debug.DYNAMIC_RECEIVER_NOT_EXPORTED_PERMISSION" />
107-->[androidx.core:core:1.12.0] AndroidManifest.xml:26:5-97
107-->[androidx.core:core:1.12.0] AndroidManifest.xml:26:22-94
108
109    <supports-screens
109-->[org.osmdroid:osmdroid-android:6.1.17] AndroidManifest.xml:9:5-12:40
110        android:anyDensity="true"
110-->[org.osmdroid:osmdroid-android:6.1.17] AndroidManifest.xml:10:9-34
111        android:largeScreens="true"
111-->[org.osmdroid:osmdroid-android:6.1.17] AndroidManifest.xml:11:9-36
112        android:normalScreens="true" />
112-->[org.osmdroid:osmdroid-android:6.1.17] AndroidManifest.xml:12:9-37
113
114    <uses-feature
114-->[org.osmdroid:osmdroid-android:6.1.17] AndroidManifest.xml:14:5-16:36
115        android:name="android.hardware.location.network"
115-->[org.osmdroid:osmdroid-android:6.1.17] AndroidManifest.xml:15:9-57
116        android:required="false" /> <!-- 📱 APPLICATION CONFIGURATION -->
116-->[org.osmdroid:osmdroid-android:6.1.17] AndroidManifest.xml:16:9-33
117    <application
117-->src\main\AndroidManifest.xml:76:5-241:19
118        android:name="com.fibreflow.technician.FibreFieldApplication"
118-->src\main\AndroidManifest.xml:77:9-46
119        android:allowBackup="true"
119-->src\main\AndroidManifest.xml:78:9-35
120        android:appComponentFactory="androidx.core.app.CoreComponentFactory"
120-->[androidx.core:core:1.12.0] AndroidManifest.xml:28:18-86
121        android:dataExtractionRules="@xml/data_extraction_rules"
121-->src\main\AndroidManifest.xml:79:9-65
122        android:debuggable="true"
123        android:extractNativeLibs="false"
124        android:fullBackupContent="@xml/backup_rules"
124-->src\main\AndroidManifest.xml:80:9-54
125        android:hardwareAccelerated="true"
125-->src\main\AndroidManifest.xml:85:9-43
126        android:icon="@mipmap/ic_launcher"
126-->src\main\AndroidManifest.xml:81:9-43
127        android:label="@string/app_name"
127-->src\main\AndroidManifest.xml:83:9-41
128        android:largeHeap="true"
128-->src\main\AndroidManifest.xml:86:9-33
129        android:networkSecurityConfig="@xml/network_security_config"
129-->src\main\AndroidManifest.xml:90:9-69
130        android:requestLegacyExternalStorage="true"
130-->src\main\AndroidManifest.xml:89:9-52
131        android:roundIcon="@mipmap/ic_launcher_round"
131-->src\main\AndroidManifest.xml:82:9-54
132        android:supportsRtl="true"
132-->src\main\AndroidManifest.xml:87:9-35
133        android:testOnly="true"
134        android:theme="@style/Theme.FibreField"
134-->src\main\AndroidManifest.xml:84:9-48
135        android:usesCleartextTraffic="false" >
135-->src\main\AndroidManifest.xml:88:9-45
136
137        <!-- 🏠 MAIN ACTIVITY -->
138        <activity
138-->src\main\AndroidManifest.xml:94:9-115:20
139            android:name="com.fibreflow.technician.MainActivity"
139-->src\main\AndroidManifest.xml:95:13-41
140            android:exported="true"
140-->src\main\AndroidManifest.xml:96:13-36
141            android:launchMode="singleTop"
141-->src\main\AndroidManifest.xml:100:13-43
142            android:screenOrientation="portrait"
142-->src\main\AndroidManifest.xml:98:13-49
143            android:theme="@style/Theme.FibreField.Starting"
143-->src\main\AndroidManifest.xml:97:13-61
144            android:windowSoftInputMode="adjustResize" >
144-->src\main\AndroidManifest.xml:99:13-55
145            <intent-filter>
145-->src\main\AndroidManifest.xml:101:13-104:29
146                <action android:name="android.intent.action.MAIN" />
146-->src\main\AndroidManifest.xml:102:17-69
146-->src\main\AndroidManifest.xml:102:25-66
147
148                <category android:name="android.intent.category.LAUNCHER" />
148-->src\main\AndroidManifest.xml:103:17-77
148-->src\main\AndroidManifest.xml:103:27-74
149            </intent-filter>
150
151            <!-- Deep link support for drop assignments -->
152            <intent-filter android:autoVerify="true" >
152-->src\main\AndroidManifest.xml:107:13-114:29
152-->src\main\AndroidManifest.xml:107:28-53
153                <action android:name="android.intent.action.VIEW" />
153-->src\main\AndroidManifest.xml:108:17-69
153-->src\main\AndroidManifest.xml:108:25-66
154
155                <category android:name="android.intent.category.DEFAULT" />
155-->src\main\AndroidManifest.xml:109:17-76
155-->src\main\AndroidManifest.xml:109:27-73
156                <category android:name="android.intent.category.BROWSABLE" />
156-->src\main\AndroidManifest.xml:110:17-78
156-->src\main\AndroidManifest.xml:110:27-75
157
158                <data
158-->src\main\AndroidManifest.xml:111:17-113:56
159                    android:host="fibreflow.com"
159-->src\main\AndroidManifest.xml:112:21-49
160                    android:pathPrefix="/technician"
160-->src\main\AndroidManifest.xml:113:21-53
161                    android:scheme="https" />
161-->src\main\AndroidManifest.xml:111:23-45
162            </intent-filter>
163        </activity>
164
165        <!-- 📸 CAMERA ACTIVITY FOR FULLSCREEN CAPTURE -->
166        <activity
166-->src\main\AndroidManifest.xml:118:9-123:77
167            android:name="com.fibreflow.technician.presentation.camera.FullscreenCameraActivity"
167-->src\main\AndroidManifest.xml:119:13-73
168            android:configChanges="orientation|screenSize|keyboardHidden"
168-->src\main\AndroidManifest.xml:123:13-74
169            android:exported="false"
169-->src\main\AndroidManifest.xml:120:13-37
170            android:screenOrientation="portrait"
170-->src\main\AndroidManifest.xml:122:13-49
171            android:theme="@style/Theme.FibreField.Fullscreen" />
171-->src\main\AndroidManifest.xml:121:13-63
172
173        <!-- 🔐 BIOMETRIC AUTHENTICATION ACTIVITY -->
174        <activity
174-->src\main\AndroidManifest.xml:126:9-130:49
175            android:name="com.fibreflow.technician.presentation.auth.BiometricAuthActivity"
175-->src\main\AndroidManifest.xml:127:13-68
176            android:excludeFromRecents="true"
176-->src\main\AndroidManifest.xml:130:13-46
177            android:exported="false"
177-->src\main\AndroidManifest.xml:128:13-37
178            android:theme="@style/Theme.FibreField.Dialog" />
178-->src\main\AndroidManifest.xml:129:13-59
179
180        <!-- ⚙️ BACKGROUND SERVICES -->
181
182
183        <!-- Location tracking service -->
184        <service
184-->src\main\AndroidManifest.xml:135:9-139:56
185            android:name="com.fibreflow.technician.infrastructure.location.LocationTrackingService"
185-->src\main\AndroidManifest.xml:136:13-76
186            android:enabled="true"
186-->src\main\AndroidManifest.xml:137:13-35
187            android:exported="false"
187-->src\main\AndroidManifest.xml:138:13-37
188            android:foregroundServiceType="location" />
188-->src\main\AndroidManifest.xml:139:13-53
189
190        <!-- Data synchronization service -->
191        <service
191-->src\main\AndroidManifest.xml:142:9-146:72
192            android:name="com.fibreflow.technician.infrastructure.sync.SyncService"
192-->src\main\AndroidManifest.xml:143:13-60
193            android:enabled="true"
193-->src\main\AndroidManifest.xml:144:13-35
194            android:exported="false"
194-->src\main\AndroidManifest.xml:145:13-37
195            android:permission="android.permission.BIND_JOB_SERVICE" />
195-->src\main\AndroidManifest.xml:146:13-69
196
197        <!-- 🔄 WORK MANAGER WORKERS -->
198
199
200        <!-- Photo validation worker -->
201        <service
201-->src\main\AndroidManifest.xml:151:9-154:34
202            android:name="androidx.work.impl.foreground.SystemForegroundService"
202-->src\main\AndroidManifest.xml:152:13-81
203            android:directBootAware="false"
203-->[androidx.work:work-runtime:2.9.0] AndroidManifest.xml:55:13-44
204            android:enabled="@bool/enable_system_foreground_service_default"
204-->[androidx.work:work-runtime:2.9.0] AndroidManifest.xml:56:13-77
205            android:exported="false"
205-->[androidx.work:work-runtime:2.9.0] AndroidManifest.xml:57:13-37
206            android:foregroundServiceType="dataSync" />
206-->src\main\AndroidManifest.xml:153:13-53
207
208        <!-- 📡 BROADCAST RECEIVERS -->
209
210
211        <!-- Network connectivity changes -->
212        <receiver
212-->src\main\AndroidManifest.xml:159:9-166:20
213            android:name="com.fibreflow.technician.infrastructure.sync.NetworkChangeReceiver"
213-->src\main\AndroidManifest.xml:160:13-70
214            android:enabled="true"
214-->src\main\AndroidManifest.xml:161:13-35
215            android:exported="false" >
215-->src\main\AndroidManifest.xml:162:13-37
216            <intent-filter>
216-->src\main\AndroidManifest.xml:163:13-165:29
217                <action android:name="android.net.conn.CONNECTIVITY_CHANGE" />
217-->src\main\AndroidManifest.xml:164:17-79
217-->src\main\AndroidManifest.xml:164:25-76
218            </intent-filter>
219        </receiver>
220
221        <!-- Boot completed for service restoration -->
222        <receiver
222-->src\main\AndroidManifest.xml:169:9-179:20
223            android:name="com.fibreflow.technician.infrastructure.BootReceiver"
223-->src\main\AndroidManifest.xml:170:13-56
224            android:enabled="true"
224-->src\main\AndroidManifest.xml:171:13-35
225            android:exported="false" >
225-->src\main\AndroidManifest.xml:172:13-37
226            <intent-filter android:priority="1000" >
226-->src\main\AndroidManifest.xml:173:13-178:29
226-->src\main\AndroidManifest.xml:173:28-51
227                <action android:name="android.intent.action.BOOT_COMPLETED" />
227-->src\main\AndroidManifest.xml:174:17-79
227-->src\main\AndroidManifest.xml:174:25-76
228                <action android:name="android.intent.action.MY_PACKAGE_REPLACED" />
228-->src\main\AndroidManifest.xml:175:17-84
228-->src\main\AndroidManifest.xml:175:25-81
229                <action android:name="android.intent.action.PACKAGE_REPLACED" />
229-->src\main\AndroidManifest.xml:176:17-81
229-->src\main\AndroidManifest.xml:176:25-78
230
231                <data android:scheme="package" />
231-->src\main\AndroidManifest.xml:111:17-113:56
231-->src\main\AndroidManifest.xml:111:23-45
232            </intent-filter>
233        </receiver>
234
235        <!-- 📄 CONTENT PROVIDERS -->
236
237
238        <!-- File provider for sharing photos -->
239        <provider
240            android:name="androidx.core.content.FileProvider"
240-->src\main\AndroidManifest.xml:185:13-62
241            android:authorities="com.fibreflow.technician.debug.fileprovider"
241-->src\main\AndroidManifest.xml:186:13-64
242            android:exported="false"
242-->src\main\AndroidManifest.xml:187:13-37
243            android:grantUriPermissions="true" >
243-->src\main\AndroidManifest.xml:188:13-47
244            <meta-data
244-->src\main\AndroidManifest.xml:189:13-191:63
245                android:name="android.support.FILE_PROVIDER_PATHS"
245-->src\main\AndroidManifest.xml:190:17-67
246                android:resource="@xml/file_provider_paths" />
246-->src\main\AndroidManifest.xml:191:17-60
247        </provider>
248
249        <!-- 🔧 APPLICATION COMPONENTS METADATA -->
250
251
252        <!-- Hilt configuration -->
253        <meta-data
253-->src\main\AndroidManifest.xml:197:9-199:47
254            android:name="com.google.dagger.hilt.android.metadata.AggregatedDepsProcessorRootMetadata"
254-->src\main\AndroidManifest.xml:198:13-103
255            android:value="aggregated_deps" />
255-->src\main\AndroidManifest.xml:199:13-44
256
257        <!-- Work Manager configuration -->
258        <provider
259            android:name="androidx.startup.InitializationProvider"
259-->src\main\AndroidManifest.xml:203:13-67
260            android:authorities="com.fibreflow.technician.debug.androidx-startup"
260-->src\main\AndroidManifest.xml:204:13-68
261            android:exported="false" >
261-->src\main\AndroidManifest.xml:205:13-37
262            <meta-data
262-->[androidx.emoji2:emoji2:1.3.0] AndroidManifest.xml:29:13-31:52
263                android:name="androidx.emoji2.text.EmojiCompatInitializer"
263-->[androidx.emoji2:emoji2:1.3.0] AndroidManifest.xml:30:17-75
264                android:value="androidx.startup" />
264-->[androidx.emoji2:emoji2:1.3.0] AndroidManifest.xml:31:17-49
265            <meta-data
265-->[androidx.lifecycle:lifecycle-process:2.7.0] AndroidManifest.xml:29:13-31:52
266                android:name="androidx.lifecycle.ProcessLifecycleInitializer"
266-->[androidx.lifecycle:lifecycle-process:2.7.0] AndroidManifest.xml:30:17-78
267                android:value="androidx.startup" />
267-->[androidx.lifecycle:lifecycle-process:2.7.0] AndroidManifest.xml:31:17-49
268            <meta-data
268-->[androidx.profileinstaller:profileinstaller:1.3.0] AndroidManifest.xml:29:13-31:52
269                android:name="androidx.profileinstaller.ProfileInstallerInitializer"
269-->[androidx.profileinstaller:profileinstaller:1.3.0] AndroidManifest.xml:30:17-85
270                android:value="androidx.startup" />
270-->[androidx.profileinstaller:profileinstaller:1.3.0] AndroidManifest.xml:31:17-49
271        </provider>
272
273        <!-- Room database configuration -->
274        <meta-data
274-->src\main\AndroidManifest.xml:214:9-216:45
275            android:name="com.fibreflow.core.database.FibreFieldDatabase"
275-->src\main\AndroidManifest.xml:215:13-74
276            android:value="room_database" />
276-->src\main\AndroidManifest.xml:216:13-42
277
278        <!-- Firebase configuration -->
279        <meta-data
279-->src\main\AndroidManifest.xml:219:9-221:54
280            android:name="firebase_analytics_collection_enabled"
280-->src\main\AndroidManifest.xml:220:13-65
281            android:value="@bool/enable_analytics" />
281-->src\main\AndroidManifest.xml:221:13-51
282        <meta-data
282-->src\main\AndroidManifest.xml:222:9-224:60
283            android:name="firebase_crashlytics_collection_enabled"
283-->src\main\AndroidManifest.xml:223:13-67
284            android:value="@bool/enable_crash_reporting" />
284-->src\main\AndroidManifest.xml:224:13-57
285
286        <!-- Google Play Services version -->
287        <meta-data
287-->src\main\AndroidManifest.xml:227:9-229:69
288            android:name="com.google.android.gms.version"
288-->src\main\AndroidManifest.xml:228:13-58
289            android:value="@integer/google_play_services_version" />
289-->src\main\AndroidManifest.xml:229:13-66
290
291        <!-- ML Kit models -->
292        <meta-data
292-->src\main\AndroidManifest.xml:232:9-234:65
293            android:name="com.google.mlkit.vision.DEPENDENCIES"
293-->src\main\AndroidManifest.xml:233:13-64
294            android:value="barcode_scanning,text_recognition" />
294-->src\main\AndroidManifest.xml:234:13-62
295
296        <!-- 🌐 NETWORK SECURITY CONFIGURATION -->
297        <meta-data
297-->src\main\AndroidManifest.xml:237:9-239:36
298            android:name="android.webkit.WebView.MetricsOptOut"
298-->src\main\AndroidManifest.xml:238:13-64
299            android:value="true" />
299-->src\main\AndroidManifest.xml:239:13-33
300
301        <!-- Needs to be explicitly declared on P+ -->
302        <uses-library
302-->[com.google.android.gms:play-services-maps:18.2.0] AndroidManifest.xml:39:9-41:40
303            android:name="org.apache.http.legacy"
303-->[com.google.android.gms:play-services-maps:18.2.0] AndroidManifest.xml:40:13-50
304            android:required="false" />
304-->[com.google.android.gms:play-services-maps:18.2.0] AndroidManifest.xml:41:13-37
305
306        <service
306-->[androidx.camera:camera-camera2:1.3.1] AndroidManifest.xml:24:9-33:19
307            android:name="androidx.camera.core.impl.MetadataHolderService"
307-->[androidx.camera:camera-camera2:1.3.1] AndroidManifest.xml:25:13-75
308            android:enabled="false"
308-->[androidx.camera:camera-camera2:1.3.1] AndroidManifest.xml:26:13-36
309            android:exported="false" >
309-->[androidx.camera:camera-camera2:1.3.1] AndroidManifest.xml:27:13-37
310            <meta-data
310-->[androidx.camera:camera-camera2:1.3.1] AndroidManifest.xml:30:13-32:89
311                android:name="androidx.camera.core.impl.MetadataHolderService.DEFAULT_CONFIG_PROVIDER"
311-->[androidx.camera:camera-camera2:1.3.1] AndroidManifest.xml:31:17-103
312                android:value="androidx.camera.camera2.Camera2Config$DefaultProvider" />
312-->[androidx.camera:camera-camera2:1.3.1] AndroidManifest.xml:32:17-86
313        </service>
314        <service
314-->[com.google.android.gms:play-services-mlkit-barcode-scanning:18.3.0] AndroidManifest.xml:9:9-15:19
315            android:name="com.google.mlkit.common.internal.MlKitComponentDiscoveryService"
315-->[com.google.android.gms:play-services-mlkit-barcode-scanning:18.3.0] AndroidManifest.xml:10:13-91
316            android:directBootAware="true"
316-->[com.google.mlkit:common:18.9.0] AndroidManifest.xml:17:13-43
317            android:exported="false" >
317-->[com.google.android.gms:play-services-mlkit-barcode-scanning:18.3.0] AndroidManifest.xml:11:13-37
318            <meta-data
318-->[com.google.android.gms:play-services-mlkit-barcode-scanning:18.3.0] AndroidManifest.xml:12:13-14:85
319                android:name="com.google.firebase.components:com.google.mlkit.vision.barcode.internal.BarcodeRegistrar"
319-->[com.google.android.gms:play-services-mlkit-barcode-scanning:18.3.0] AndroidManifest.xml:13:17-120
320                android:value="com.google.firebase.components.ComponentRegistrar" />
320-->[com.google.android.gms:play-services-mlkit-barcode-scanning:18.3.0] AndroidManifest.xml:14:17-82
321            <meta-data
321-->[com.google.android.gms:play-services-mlkit-text-recognition-common:19.0.0] AndroidManifest.xml:12:13-14:85
322                android:name="com.google.firebase.components:com.google.mlkit.vision.text.internal.TextRegistrar"
322-->[com.google.android.gms:play-services-mlkit-text-recognition-common:19.0.0] AndroidManifest.xml:13:17-114
323                android:value="com.google.firebase.components.ComponentRegistrar" />
323-->[com.google.android.gms:play-services-mlkit-text-recognition-common:19.0.0] AndroidManifest.xml:14:17-82
324            <meta-data
324-->[com.google.mlkit:vision-common:17.3.0] AndroidManifest.xml:12:13-14:85
325                android:name="com.google.firebase.components:com.google.mlkit.vision.common.internal.VisionCommonRegistrar"
325-->[com.google.mlkit:vision-common:17.3.0] AndroidManifest.xml:13:17-124
326                android:value="com.google.firebase.components.ComponentRegistrar" />
326-->[com.google.mlkit:vision-common:17.3.0] AndroidManifest.xml:14:17-82
327            <meta-data
327-->[com.google.mlkit:common:18.9.0] AndroidManifest.xml:20:13-22:85
328                android:name="com.google.firebase.components:com.google.mlkit.common.internal.CommonComponentRegistrar"
328-->[com.google.mlkit:common:18.9.0] AndroidManifest.xml:21:17-120
329                android:value="com.google.firebase.components.ComponentRegistrar" />
329-->[com.google.mlkit:common:18.9.0] AndroidManifest.xml:22:17-82
330        </service>
331
332        <provider
332-->[com.google.mlkit:common:18.9.0] AndroidManifest.xml:9:9-13:38
333            android:name="com.google.mlkit.common.internal.MlKitInitProvider"
333-->[com.google.mlkit:common:18.9.0] AndroidManifest.xml:10:13-78
334            android:authorities="com.fibreflow.technician.debug.mlkitinitprovider"
334-->[com.google.mlkit:common:18.9.0] AndroidManifest.xml:11:13-69
335            android:exported="false"
335-->[com.google.mlkit:common:18.9.0] AndroidManifest.xml:12:13-37
336            android:initOrder="99" />
336-->[com.google.mlkit:common:18.9.0] AndroidManifest.xml:13:13-35
337
338        <activity
338-->[com.google.android.gms:play-services-base:18.1.0] AndroidManifest.xml:20:9-22:45
339            android:name="com.google.android.gms.common.api.GoogleApiActivity"
339-->[com.google.android.gms:play-services-base:18.1.0] AndroidManifest.xml:20:19-85
340            android:exported="false"
340-->[com.google.android.gms:play-services-base:18.1.0] AndroidManifest.xml:22:19-43
341            android:theme="@android:style/Theme.Translucent.NoTitleBar" />
341-->[com.google.android.gms:play-services-base:18.1.0] AndroidManifest.xml:21:19-78
342
343        <service
343-->[androidx.work:work-runtime:2.9.0] AndroidManifest.xml:39:9-45:35
344            android:name="androidx.work.impl.background.systemalarm.SystemAlarmService"
344-->[androidx.work:work-runtime:2.9.0] AndroidManifest.xml:40:13-88
345            android:directBootAware="false"
345-->[androidx.work:work-runtime:2.9.0] AndroidManifest.xml:41:13-44
346            android:enabled="@bool/enable_system_alarm_service_default"
346-->[androidx.work:work-runtime:2.9.0] AndroidManifest.xml:42:13-72
347            android:exported="false" />
347-->[androidx.work:work-runtime:2.9.0] AndroidManifest.xml:43:13-37
348        <service
348-->[androidx.work:work-runtime:2.9.0] AndroidManifest.xml:46:9-52:35
349            android:name="androidx.work.impl.background.systemjob.SystemJobService"
349-->[androidx.work:work-runtime:2.9.0] AndroidManifest.xml:47:13-84
350            android:directBootAware="false"
350-->[androidx.work:work-runtime:2.9.0] AndroidManifest.xml:48:13-44
351            android:enabled="@bool/enable_system_job_service_default"
351-->[androidx.work:work-runtime:2.9.0] AndroidManifest.xml:49:13-70
352            android:exported="true"
352-->[androidx.work:work-runtime:2.9.0] AndroidManifest.xml:50:13-36
353            android:permission="android.permission.BIND_JOB_SERVICE" />
353-->[androidx.work:work-runtime:2.9.0] AndroidManifest.xml:51:13-69
354
355        <receiver
355-->[androidx.work:work-runtime:2.9.0] AndroidManifest.xml:61:9-66:35